Reading parameters from "Config.conf"

Init vocabulary.......
Start training......
Start training epoch 1
Epoch 1 complete!
Start training epoch 2
Epoch 2 complete!
Start training epoch 3
Epoch 3 complete!
Start training epoch 4
Epoch 4 complete!
Start training epoch 5
Epoch 5 complete!
Start training epoch 6
Epoch 6 complete!
Start training epoch 7
Epoch 7 complete!
Start training epoch 8
Epoch 8 complete!
Start training epoch 9
Epoch 9 complete!
Start training epoch 10
Epoch 10 complete!
Start training epoch 11
Epoch 11 complete!
Start training epoch 12
Epoch 12 complete!
Start training epoch 13
Epoch 13 complete!
Start training epoch 14
Epoch 14 complete!
Start training epoch 15
Epoch 15 complete!
Start training epoch 16
Epoch 16 complete!
Start training epoch 17
Epoch 17 complete!
Start training epoch 18
Epoch 18 complete!
Start training epoch 19
Epoch 19 complete!
Start training epoch 20
Epoch 20 complete!
Start training epoch 21
Epoch 21 complete!
Start training epoch 22
Epoch 22 complete!
Start training epoch 23
Epoch 23 complete!
Start training epoch 24
Epoch 24 complete!
Start training epoch 25
Epoch 25 complete!
Start training epoch 26
Epoch 26 complete!
Start training epoch 27
Epoch 27 complete!
Start training epoch 28
Epoch 28 complete!
Start training epoch 29
Epoch 29 complete!
Start training epoch 30
Epoch 30 complete!
Complete to train word vectors! The cost of time is 137205
Start saving word vector......
Complete to save word vectors! The cost of time is 5.58684
Start saving skip-gram model......
Complete to save skip-gram model! The cost of time is 20.6951
