Reading parameters from "Config.conf"

Init vocabulary.......
Init vocabulary.......
Load src word vectors from "/home/kh/BWE_With_CPlus/data/w2v_src.vec"......
Init tgt skip-gram model and TE model ......
Reading alignment table......
Complete to read alignment table! The cost of time is 479.949
Start training......
Start training epoch 1
The time of train a source sentence is 25.1711
The time of train a source sentence is 56.7461
The time of train a source sentence is 59.2257
The time of train a source sentence is 71.08
The time of train a source sentence is 71.7629
The time of train a source sentence is 76.8984
The time of train a source sentence is 79.9843
The time of train a source sentence is 80.9115
The time of train a source sentence is 100.117
The time of train a source sentence is 107.117
The time of train a source sentence is 118.735
The time of train a source sentence is 138.456
The time of train a source sentence is 163.704
The time of train a source sentence is 28.4131
The time of train a source sentence is 51.9793
The time of train a source sentence is 208.452
The time of train a source sentence is 89.469
The time of train a source sentence is 43.4474
The time of train a source sentence is 132.425
The time of train a source sentence is 106.169
The time of train a source sentence is 76.105
The time of train a source sentence is 33.5848
The time of train a source sentence is 52.3227
The time of train a source sentence is 105.263
The time of train a source sentence is 68.335
The time of train a source sentence is 36.7329
The time of train a source sentence is 71.5477
The time of train a source sentence is 64.925
The time of train a source sentence is 82.2417
The time of train a source sentence is 69.4622
The time of train a source sentence is 35.8338
The time of train a source sentence is 73.5148
The time of train a source sentence is 87.0747
The time of train a source sentence is 75.0312
The time of train a source sentence is 70.6188
The time of train a source sentence is 34.6329
The time of train a source sentence is 49.0194
The time of train a source sentence is 32.0197
The time of train a source sentence is 51.9526
The time of train a source sentence is 65.6242
The time of train a source sentence is 33.5445
The time of train a source sentence is 30.1225
Epoch 1 complete!
Start training epoch 2
The time of train a source sentence is 41.4621
The time of train a source sentence is 49.4903
The time of train a source sentence is 53.3045
The time of train a source sentence is 53.897
The time of train a source sentence is 68.4201
The time of train a source sentence is 78.03
The time of train a source sentence is 85.9787
The time of train a source sentence is 90.9453
The time of train a source sentence is 94.1654
The time of train a source sentence is 98.2145
The time of train a source sentence is 101.631
The time of train a source sentence is 105.886
The time of train a source sentence is 107.003
The time of train a source sentence is 108.311
The time of train a source sentence is 77.5116
The time of train a source sentence is 54.472
The time of train a source sentence is 41.2494
The time of train a source sentence is 35.0957
The time of train a source sentence is 64.9688
The time of train a source sentence is 23.6085
The time of train a source sentence is 63.2682
The time of train a source sentence is 63.7109
The time of train a source sentence is 33.2884
The time of train a source sentence is 56.0432
The time of train a source sentence is 110.729
The time of train a source sentence is 31.7706
The time of train a source sentence is 22.827
The time of train a source sentence is 110.169
The time of train a source sentence is 34.8704
The time of train a source sentence is 34.2099
The time of train a source sentence is 71.1722
The time of train a source sentence is 73.0665
The time of train a source sentence is 151.461
The time of train a source sentence is 61.8029
The time of train a source sentence is 58.7101
The time of train a source sentence is 71.1212
The time of train a source sentence is 40.921
The time of train a source sentence is 30.7136
The time of train a source sentence is 95.4599
The time of train a source sentence is 59.8794
The time of train a source sentence is 30.6061
The time of train a source sentence is 55.81
Epoch 2 complete!
Start training epoch 3
The time of train a source sentence is 42.9746
The time of train a source sentence is 59.5488
The time of train a source sentence is 64.9581
The time of train a source sentence is 74.4581
The time of train a source sentence is 76.099
The time of train a source sentence is 78.7034
The time of train a source sentence is 80.3214
The time of train a source sentence is 87.4826
The time of train a source sentence is 93.6676
The time of train a source sentence is 98.1757
The time of train a source sentence is 105.742
The time of train a source sentence is 114.727
The time of train a source sentence is 120.361
The time of train a source sentence is 146.29
The time of train a source sentence is 54.2325
The time of train a source sentence is 57.6796
The time of train a source sentence is 69.7369
The time of train a source sentence is 73.9993
The time of train a source sentence is 62.3322
The time of train a source sentence is 82.4936
The time of train a source sentence is 113.459
The time of train a source sentence is 51.798
The time of train a source sentence is 100.807
The time of train a source sentence is 47.8309
The time of train a source sentence is 73.2315
The time of train a source sentence is 87.5876
The time of train a source sentence is 116.56
The time of train a source sentence is 77.618
The time of train a source sentence is 193.751
The time of train a source sentence is 96.0463
The time of train a source sentence is 93.6188
The time of train a source sentence is 77.273
The time of train a source sentence is 121.421
The time of train a source sentence is 47.4847
The time of train a source sentence is 74.0349
The time of train a source sentence is 42.8784
The time of train a source sentence is 67.0175
The time of train a source sentence is 73.5913
The time of train a source sentence is 76.9598
The time of train a source sentence is 18.1152
The time of train a source sentence is 79.4565
The time of train a source sentence is 6.51478
Epoch 3 complete!
Start training epoch 4
The time of train a source sentence is 33.1127
The time of train a source sentence is 54.2979
The time of train a source sentence is 56.003
The time of train a source sentence is 58.0278
The time of train a source sentence is 58.8121
The time of train a source sentence is 59.0718
The time of train a source sentence is 66.0385
The time of train a source sentence is 66.3549
The time of train a source sentence is 82.8397
The time of train a source sentence is 85.796
The time of train a source sentence is 94.9979
The time of train a source sentence is 100.185
The time of train a source sentence is 115.347
The time of train a source sentence is 116.338
The time of train a source sentence is 33.632
The time of train a source sentence is 61.2992
The time of train a source sentence is 51.0548
The time of train a source sentence is 40.1891
The time of train a source sentence is 81.8152
The time of train a source sentence is 102.846
The time of train a source sentence is 78.9851
The time of train a source sentence is 57.5724
The time of train a source sentence is 61.8166
The time of train a source sentence is 80.6015
The time of train a source sentence is 55.3883
The time of train a source sentence is 106.566
The time of train a source sentence is 62.4224
The time of train a source sentence is 66.7472
The time of train a source sentence is 84.6938
The time of train a source sentence is 44.6468
The time of train a source sentence is 94.7496
The time of train a source sentence is 64.5867
The time of train a source sentence is 28.4228
The time of train a source sentence is 115.223
The time of train a source sentence is 74.4512
The time of train a source sentence is 150.012
The time of train a source sentence is 88.4479
The time of train a source sentence is 35.7092
The time of train a source sentence is 32.0022
The time of train a source sentence is 38.8809
The time of train a source sentence is 20.1289
The time of train a source sentence is 48.5807
Epoch 4 complete!
Start training epoch 5
The time of train a source sentence is 40.9518
The time of train a source sentence is 46.5739
The time of train a source sentence is 50.7564
The time of train a source sentence is 52.534
The time of train a source sentence is 62.4955
The time of train a source sentence is 68.0061
The time of train a source sentence is 76.1388
The time of train a source sentence is 86.3224
The time of train a source sentence is 94.8784
The time of train a source sentence is 95.6051
The time of train a source sentence is 110.327
The time of train a source sentence is 135.699
The time of train a source sentence is 46.2227
The time of train a source sentence is 142.501
The time of train a source sentence is 41.9434
The time of train a source sentence is 157.254
The time of train a source sentence is 50.8125
The time of train a source sentence is 30.1402
The time of train a source sentence is 106.089
The time of train a source sentence is 46.7449
The time of train a source sentence is 76.2314
The time of train a source sentence is 117.373
The time of train a source sentence is 54.6893
The time of train a source sentence is 57.9228
The time of train a source sentence is 94.1463
The time of train a source sentence is 127.837
The time of train a source sentence is 23.1353
The time of train a source sentence is 120.087
The time of train a source sentence is 63.175
The time of train a source sentence is 125.836
The time of train a source sentence is 66.8174
The time of train a source sentence is 70.1889
The time of train a source sentence is 34.5175
The time of train a source sentence is 53.2145
The time of train a source sentence is 71.2318
The time of train a source sentence is 56.0604
The time of train a source sentence is 97.2025
The time of train a source sentence is 55.313
The time of train a source sentence is 42.286
The time of train a source sentence is 49.7538
The time of train a source sentence is 39.6278
The time of train a source sentence is 42.6958
Epoch 5 complete!
Start training epoch 6
The time of train a source sentence is 23.9804
The time of train a source sentence is 42.1833
The time of train a source sentence is 45.0246
The time of train a source sentence is 49.7111
The time of train a source sentence is 55.9412
The time of train a source sentence is 59.3912
The time of train a source sentence is 72.517
The time of train a source sentence is 86.4254
The time of train a source sentence is 97.7222
The time of train a source sentence is 97.8492
The time of train a source sentence is 104.386
The time of train a source sentence is 116.357
The time of train a source sentence is 131.493
The time of train a source sentence is 166.22
The time of train a source sentence is 88.3877
The time of train a source sentence is 50.6515
The time of train a source sentence is 62.1251
The time of train a source sentence is 100.204
The time of train a source sentence is 79.199
The time of train a source sentence is 80.9096
The time of train a source sentence is 65.5823
The time of train a source sentence is 43.6392
The time of train a source sentence is 28.6476
The time of train a source sentence is 129.859
The time of train a source sentence is 137.2
The time of train a source sentence is 174.06
The time of train a source sentence is 78.6202
The time of train a source sentence is 50.2476
The time of train a source sentence is 109.041
The time of train a source sentence is 89.8025
The time of train a source sentence is 80.1714
The time of train a source sentence is 100.835
The time of train a source sentence is 152.308
The time of train a source sentence is 55.8951
The time of train a source sentence is 73.8703
The time of train a source sentence is 33.0959
The time of train a source sentence is 63.3182
The time of train a source sentence is 100.819
The time of train a source sentence is 52.2942
The time of train a source sentence is 15.8026
The time of train a source sentence is 56.4548
The time of train a source sentence is 54.6697
Epoch 6 complete!
Start training epoch 7
The time of train a source sentence is 44.7762
The time of train a source sentence is 48.4986
The time of train a source sentence is 51.5936
The time of train a source sentence is 51.8607
The time of train a source sentence is 54.2054
The time of train a source sentence is 56.4631
The time of train a source sentence is 61.9753
The time of train a source sentence is 63.2782
The time of train a source sentence is 70.6744
The time of train a source sentence is 75.073
The time of train a source sentence is 79.9962
The time of train a source sentence is 109.341
The time of train a source sentence is 120.522
The time of train a source sentence is 131.23
The time of train a source sentence is 49.1064
The time of train a source sentence is 96.2763
The time of train a source sentence is 54.1838
The time of train a source sentence is 79.6823
The time of train a source sentence is 102.015
The time of train a source sentence is 34.7236
The time of train a source sentence is 58.4445
The time of train a source sentence is 78.7384
The time of train a source sentence is 41.2375
The time of train a source sentence is 126.782
The time of train a source sentence is 121.135
The time of train a source sentence is 52.0609
The time of train a source sentence is 96.3737
The time of train a source sentence is 68.016
The time of train a source sentence is 20.7317
The time of train a source sentence is 35.7094
The time of train a source sentence is 38.7045
The time of train a source sentence is 58.746
The time of train a source sentence is 86.3973
The time of train a source sentence is 62.4546
The time of train a source sentence is 43.4601
The time of train a source sentence is 73.5638
The time of train a source sentence is 119.976
The time of train a source sentence is 56.3004
The time of train a source sentence is 97.7318
The time of train a source sentence is 80.9542
The time of train a source sentence is 20.0356
The time of train a source sentence is 85.8426
Epoch 7 complete!
Start training epoch 8
The time of train a source sentence is 51.4301
The time of train a source sentence is 52.5039
The time of train a source sentence is 62.3524
The time of train a source sentence is 62.5851
The time of train a source sentence is 73.0226
The time of train a source sentence is 79.9963
The time of train a source sentence is 80.3449
The time of train a source sentence is 86.8941
The time of train a source sentence is 87.6727
The time of train a source sentence is 89.4926
The time of train a source sentence is 117.126
The time of train a source sentence is 121.013
The time of train a source sentence is 127.31
The time of train a source sentence is 139.854
The time of train a source sentence is 57.743
The time of train a source sentence is 70.7767
The time of train a source sentence is 54.7244
The time of train a source sentence is 54.9591
The time of train a source sentence is 71.9906
The time of train a source sentence is 46.1863
The time of train a source sentence is 27.9728
The time of train a source sentence is 91.5615
The time of train a source sentence is 100.199
The time of train a source sentence is 49.8604
The time of train a source sentence is 115.023
The time of train a source sentence is 94.9912
The time of train a source sentence is 57.2428
The time of train a source sentence is 71.1455
The time of train a source sentence is 57.4558
The time of train a source sentence is 80.3431
The time of train a source sentence is 67.5828
The time of train a source sentence is 82.0297
The time of train a source sentence is 48.7211
The time of train a source sentence is 94.6466
The time of train a source sentence is 172.894
The time of train a source sentence is 107.896
The time of train a source sentence is 121.828
The time of train a source sentence is 77.8366
The time of train a source sentence is 69.9507
The time of train a source sentence is 65.6032
The time of train a source sentence is 66.6988
The time of train a source sentence is 109.804
Epoch 8 complete!
Start training epoch 9
The time of train a source sentence is 57.317
The time of train a source sentence is 60.9984
The time of train a source sentence is 64.0242
The time of train a source sentence is 80.9959
The time of train a source sentence is 83.8325
The time of train a source sentence is 86.7393
The time of train a source sentence is 88.2842
The time of train a source sentence is 100.101
The time of train a source sentence is 110.322
The time of train a source sentence is 112.092
The time of train a source sentence is 126.188
The time of train a source sentence is 130.446
The time of train a source sentence is 25.1907
The time of train a source sentence is 159.52
The time of train a source sentence is 171.564
The time of train a source sentence is 77.7891
The time of train a source sentence is 18.9657
The time of train a source sentence is 104.219
The time of train a source sentence is 103.45
The time of train a source sentence is 49.0791
The time of train a source sentence is 56.4696
The time of train a source sentence is 63.1585
The time of train a source sentence is 137.908
The time of train a source sentence is 72.9063
The time of train a source sentence is 116.702
The time of train a source sentence is 121.611
The time of train a source sentence is 60.3208
The time of train a source sentence is 73.1406
The time of train a source sentence is 131.465
The time of train a source sentence is 57.0325
The time of train a source sentence is 91.3927
The time of train a source sentence is 43.2531
The time of train a source sentence is 26.2873
The time of train a source sentence is 61.3397
The time of train a source sentence is 108.805
The time of train a source sentence is 36.8206
The time of train a source sentence is 72.0097
The time of train a source sentence is 36.6298
The time of train a source sentence is 23.0769
The time of train a source sentence is 38.0089
The time of train a source sentence is 28.0875
The time of train a source sentence is 29.4871
Epoch 9 complete!
Start training epoch 10
The time of train a source sentence is 34.6311
The time of train a source sentence is 39.997
The time of train a source sentence is 46.6499
The time of train a source sentence is 49.2041
The time of train a source sentence is 55.7517
The time of train a source sentence is 57.6614
The time of train a source sentence is 69.5668
The time of train a source sentence is 73.0904
The time of train a source sentence is 80.0831
The time of train a source sentence is 89.7135
The time of train a source sentence is 96.061
The time of train a source sentence is 101.15
The time of train a source sentence is 101.601
The time of train a source sentence is 104.23
The time of train a source sentence is 22.198
The time of train a source sentence is 69.039
The time of train a source sentence is 33.4443
The time of train a source sentence is 55.9782
The time of train a source sentence is 28.4919
The time of train a source sentence is 96.3801
The time of train a source sentence is 90.2691
The time of train a source sentence is 88.8147
The time of train a source sentence is 54.895
The time of train a source sentence is 82.4488
The time of train a source sentence is 100.311
The time of train a source sentence is 134.76
The time of train a source sentence is 47.6179
The time of train a source sentence is 73.9822
The time of train a source sentence is 50.1022
The time of train a source sentence is 96.0207
The time of train a source sentence is 72.5503
The time of train a source sentence is 141.304
The time of train a source sentence is 49.1665
The time of train a source sentence is 72.2862
The time of train a source sentence is 78.4309
The time of train a source sentence is 73.5898
The time of train a source sentence is 41.4722
The time of train a source sentence is 101.982
The time of train a source sentence is 28.1751
The time of train a source sentence is 108.578
The time of train a source sentence is 8.45578
The time of train a source sentence is 31.168
Epoch 10 complete!
Start training epoch 11
The time of train a source sentence is 35.6555
The time of train a source sentence is 38.5391
The time of train a source sentence is 42.1639
The time of train a source sentence is 42.4809
The time of train a source sentence is 47.577
The time of train a source sentence is 50.8264
The time of train a source sentence is 62.0403
The time of train a source sentence is 66.4724
The time of train a source sentence is 71.4502
The time of train a source sentence is 78.3563
The time of train a source sentence is 78.5988
The time of train a source sentence is 97.8623
The time of train a source sentence is 103.599
The time of train a source sentence is 142.811
The time of train a source sentence is 56.5138
The time of train a source sentence is 64.3543
The time of train a source sentence is 47.2031
The time of train a source sentence is 86.5237
The time of train a source sentence is 43.8132
The time of train a source sentence is 91.3351
The time of train a source sentence is 44.7443
The time of train a source sentence is 78.5519
The time of train a source sentence is 109.265
The time of train a source sentence is 107.129
The time of train a source sentence is 103.982
The time of train a source sentence is 65.0002
The time of train a source sentence is 25.4063
The time of train a source sentence is 118.562
The time of train a source sentence is 40.6979
The time of train a source sentence is 32.8224
The time of train a source sentence is 77.9427
The time of train a source sentence is 113.286
The time of train a source sentence is 55.0326
The time of train a source sentence is 68.5866
The time of train a source sentence is 82.4532
The time of train a source sentence is 42.7271
The time of train a source sentence is 129.826
The time of train a source sentence is 125.755
The time of train a source sentence is 112.067
The time of train a source sentence is 52.6802
The time of train a source sentence is 67.7299
The time of train a source sentence is 6.1605
Epoch 11 complete!
Start training epoch 12
The time of train a source sentence is 18.7544
The time of train a source sentence is 20.3718
The time of train a source sentence is 51.9923
The time of train a source sentence is 52.5791
The time of train a source sentence is 53.393
The time of train a source sentence is 56.6246
The time of train a source sentence is 58.0751
The time of train a source sentence is 59.5437
The time of train a source sentence is 67.5613
The time of train a source sentence is 70.6381
The time of train a source sentence is 92.257
The time of train a source sentence is 110.682
The time of train a source sentence is 116.193
The time of train a source sentence is 131.675
The time of train a source sentence is 62.0635
The time of train a source sentence is 46.5855
The time of train a source sentence is 45.1569
The time of train a source sentence is 33.1777
The time of train a source sentence is 49.2122
The time of train a source sentence is 91.6513
The time of train a source sentence is 96.5942
The time of train a source sentence is 129.891
The time of train a source sentence is 78.2903
The time of train a source sentence is 139.522
The time of train a source sentence is 98.4593
The time of train a source sentence is 74.8716
The time of train a source sentence is 128.569
The time of train a source sentence is 63.5965
The time of train a source sentence is 31.9997
The time of train a source sentence is 44.2901
The time of train a source sentence is 77.7051
The time of train a source sentence is 120.607
The time of train a source sentence is 41.2437
The time of train a source sentence is 145.571
The time of train a source sentence is 66.5612
The time of train a source sentence is 99.4685
The time of train a source sentence is 62.5998
The time of train a source sentence is 107.665
The time of train a source sentence is 40.4908
The time of train a source sentence is 97.0985
The time of train a source sentence is 44.7318
The time of train a source sentence is 106.543
Epoch 12 complete!
Start training epoch 13
The time of train a source sentence is 23.2175
The time of train a source sentence is 29.521
The time of train a source sentence is 42.2399
The time of train a source sentence is 42.6647
The time of train a source sentence is 47.7223
The time of train a source sentence is 60.9587
The time of train a source sentence is 64.4671
The time of train a source sentence is 75.4668
The time of train a source sentence is 84.9303
The time of train a source sentence is 99.1763
The time of train a source sentence is 99.4043
The time of train a source sentence is 119.836
The time of train a source sentence is 140.319
The time of train a source sentence is 142.614
The time of train a source sentence is 65.2417
The time of train a source sentence is 63.5226
The time of train a source sentence is 51.6004
The time of train a source sentence is 79.2322
The time of train a source sentence is 37.1008
The time of train a source sentence is 65.8313
The time of train a source sentence is 50.7835
The time of train a source sentence is 112.926
The time of train a source sentence is 104.989
The time of train a source sentence is 123.54
The time of train a source sentence is 144.538
The time of train a source sentence is 60.1194
The time of train a source sentence is 49.6769
The time of train a source sentence is 82.1481
The time of train a source sentence is 91.0088
The time of train a source sentence is 67.2359
The time of train a source sentence is 130.73
The time of train a source sentence is 57.5497
The time of train a source sentence is 139.482
The time of train a source sentence is 104.394
The time of train a source sentence is 64.8367
The time of train a source sentence is 82.4984
The time of train a source sentence is 27.7004
The time of train a source sentence is 109.513
The time of train a source sentence is 152.515
The time of train a source sentence is 24.1652
The time of train a source sentence is 11.8724
The time of train a source sentence is 72.8836
Epoch 13 complete!
Start training epoch 14
The time of train a source sentence is 35.28
The time of train a source sentence is 38.1731
The time of train a source sentence is 45.9092
The time of train a source sentence is 48.1514
The time of train a source sentence is 48.6998
The time of train a source sentence is 60.677
The time of train a source sentence is 77.9239
The time of train a source sentence is 79.3897
The time of train a source sentence is 82.4616
The time of train a source sentence is 88.8972
The time of train a source sentence is 103.682
The time of train a source sentence is 110.426
The time of train a source sentence is 125.299
The time of train a source sentence is 133.221
The time of train a source sentence is 52.851
The time of train a source sentence is 28.5506
The time of train a source sentence is 62.5285
The time of train a source sentence is 82.5386
The time of train a source sentence is 60.5804
The time of train a source sentence is 73.5006
The time of train a source sentence is 67.4707
The time of train a source sentence is 124.958
The time of train a source sentence is 150.292
The time of train a source sentence is 61.1659
The time of train a source sentence is 113.232
The time of train a source sentence is 142.765
The time of train a source sentence is 75.6749
The time of train a source sentence is 51.2119
The time of train a source sentence is 105.283
The time of train a source sentence is 130.933
The time of train a source sentence is 38.3042
The time of train a source sentence is 113.22
The time of train a source sentence is 35.4883
The time of train a source sentence is 51.5003
The time of train a source sentence is 91.6429
The time of train a source sentence is 77.6125
The time of train a source sentence is 122.327
The time of train a source sentence is 95.8749
The time of train a source sentence is 32.908
The time of train a source sentence is 57.4336
The time of train a source sentence is 185.984
The time of train a source sentence is 22.3378
Epoch 14 complete!
Start training epoch 15
The time of train a source sentence is 28.4405
The time of train a source sentence is 48.6201
The time of train a source sentence is 56.8387
The time of train a source sentence is 56.9642
The time of train a source sentence is 68.0783
The time of train a source sentence is 79.0876
The time of train a source sentence is 80.7735
The time of train a source sentence is 84.1428
The time of train a source sentence is 85.927
The time of train a source sentence is 88.4351
The time of train a source sentence is 92.6734
The time of train a source sentence is 98.714
The time of train a source sentence is 109.687
The time of train a source sentence is 113.637
The time of train a source sentence is 61.8014
The time of train a source sentence is 28.4499
The time of train a source sentence is 36.3
The time of train a source sentence is 52.1506
The time of train a source sentence is 54.6337
The time of train a source sentence is 36.2561
The time of train a source sentence is 67.7304
The time of train a source sentence is 65.531
The time of train a source sentence is 65.8885
The time of train a source sentence is 53.2284
The time of train a source sentence is 64.7915
The time of train a source sentence is 61.7973
The time of train a source sentence is 55.7676
The time of train a source sentence is 150.591
The time of train a source sentence is 117.431
The time of train a source sentence is 99.1197
The time of train a source sentence is 58.6892
The time of train a source sentence is 122.339
The time of train a source sentence is 81.9699
The time of train a source sentence is 47.5219
The time of train a source sentence is 50.6944
The time of train a source sentence is 46.1335
The time of train a source sentence is 84.7445
The time of train a source sentence is 46.0358
The time of train a source sentence is 242.415
The time of train a source sentence is 32.4366
The time of train a source sentence is 78.5216
The time of train a source sentence is 61.9435
Epoch 15 complete!
Start training epoch 16
The time of train a source sentence is 39.3854
The time of train a source sentence is 53.6418
The time of train a source sentence is 65.9073
The time of train a source sentence is 70.008
The time of train a source sentence is 70.9612
The time of train a source sentence is 79.682
The time of train a source sentence is 82.2305
The time of train a source sentence is 92.5412
The time of train a source sentence is 96.2086
The time of train a source sentence is 96.3624
The time of train a source sentence is 98.822
The time of train a source sentence is 109.982
The time of train a source sentence is 120.454
The time of train a source sentence is 38.9081
The time of train a source sentence is 132.115
The time of train a source sentence is 81.5712
The time of train a source sentence is 21.3228
The time of train a source sentence is 63.8791
The time of train a source sentence is 17.6919
The time of train a source sentence is 43.8274
The time of train a source sentence is 44.2635
The time of train a source sentence is 76.2565
The time of train a source sentence is 77.7374
The time of train a source sentence is 69.578
The time of train a source sentence is 68.9644
The time of train a source sentence is 73.3237
The time of train a source sentence is 39.4799
The time of train a source sentence is 46.6151
The time of train a source sentence is 48.0846
The time of train a source sentence is 75.0926
The time of train a source sentence is 112.557
The time of train a source sentence is 77.7952
The time of train a source sentence is 99.8405
The time of train a source sentence is 89.6449
The time of train a source sentence is 41.5812
The time of train a source sentence is 62.3442
The time of train a source sentence is 39.7743
The time of train a source sentence is 88.7521
The time of train a source sentence is 101.27
The time of train a source sentence is 55.6572
The time of train a source sentence is 63.5361
The time of train a source sentence is 108.159
Epoch 16 complete!
Start training epoch 17
The time of train a source sentence is 28.1628
The time of train a source sentence is 33.4665
The time of train a source sentence is 33.661
The time of train a source sentence is 36.2895
The time of train a source sentence is 47.8014
The time of train a source sentence is 63.1779
The time of train a source sentence is 66.7762
The time of train a source sentence is 66.9642
The time of train a source sentence is 66.8997
The time of train a source sentence is 70.562
The time of train a source sentence is 81.8571
The time of train a source sentence is 98.489
The time of train a source sentence is 35.5636
The time of train a source sentence is 111.976
The time of train a source sentence is 118.153
The time of train a source sentence is 59.232
The time of train a source sentence is 46.0159
The time of train a source sentence is 61.1853
The time of train a source sentence is 75.4787
The time of train a source sentence is 83.6405
The time of train a source sentence is 49.2715
The time of train a source sentence is 78.5045
The time of train a source sentence is 96.4775
The time of train a source sentence is 31.4185
The time of train a source sentence is 72.1394
The time of train a source sentence is 42.8073
The time of train a source sentence is 110.233
The time of train a source sentence is 43.7147
The time of train a source sentence is 39.2524
The time of train a source sentence is 104.935
The time of train a source sentence is 60.6907
The time of train a source sentence is 22.3996
The time of train a source sentence is 63.5005
The time of train a source sentence is 67.1105
The time of train a source sentence is 135.942
The time of train a source sentence is 29.7763
The time of train a source sentence is 56.8255
The time of train a source sentence is 133.69
The time of train a source sentence is 173.583
The time of train a source sentence is 89.9699
The time of train a source sentence is 17.1049
The time of train a source sentence is 59.9885
Epoch 17 complete!
Start training epoch 18
The time of train a source sentence is 37.9594
The time of train a source sentence is 44.1857
The time of train a source sentence is 50.4237
The time of train a source sentence is 52.2979
The time of train a source sentence is 59.08
The time of train a source sentence is 63.6845
The time of train a source sentence is 69.1648
The time of train a source sentence is 71.2621
The time of train a source sentence is 71.4517
The time of train a source sentence is 82.7908
The time of train a source sentence is 93.9029
The time of train a source sentence is 115.716
The time of train a source sentence is 131.906
The time of train a source sentence is 36.2069
The time of train a source sentence is 139.532
The time of train a source sentence is 37.561
The time of train a source sentence is 42.4207
The time of train a source sentence is 76.8781
The time of train a source sentence is 54.2699
The time of train a source sentence is 39.5963
The time of train a source sentence is 47.4403
The time of train a source sentence is 35.006
The time of train a source sentence is 48.7182
The time of train a source sentence is 35.5074
The time of train a source sentence is 70.3042
The time of train a source sentence is 43.0633
The time of train a source sentence is 85.5142
The time of train a source sentence is 63.3212
The time of train a source sentence is 72.9715
The time of train a source sentence is 118.013
The time of train a source sentence is 67.1817
The time of train a source sentence is 91.9274
The time of train a source sentence is 54.5295
The time of train a source sentence is 80.8674
The time of train a source sentence is 90.7294
The time of train a source sentence is 61.0385
The time of train a source sentence is 101.962
The time of train a source sentence is 60.8042
The time of train a source sentence is 42.6086
The time of train a source sentence is 59.5968
The time of train a source sentence is 23.8674
The time of train a source sentence is 17.9293
Epoch 18 complete!
Start training epoch 19
The time of train a source sentence is 30.6093
The time of train a source sentence is 46.9502
The time of train a source sentence is 50.6039
The time of train a source sentence is 64.2481
The time of train a source sentence is 75.9772
The time of train a source sentence is 83.3294
The time of train a source sentence is 99.612
The time of train a source sentence is 107.55
The time of train a source sentence is 109.249
The time of train a source sentence is 109.803
The time of train a source sentence is 123.821
The time of train a source sentence is 29.4945
The time of train a source sentence is 168.449
The time of train a source sentence is 177.978
The time of train a source sentence is 201.378
The time of train a source sentence is 66.3865
The time of train a source sentence is 73.9474
The time of train a source sentence is 32.1868
The time of train a source sentence is 77.4325
The time of train a source sentence is 59.9614
The time of train a source sentence is 84.5285
The time of train a source sentence is 111.566
The time of train a source sentence is 67.8317
The time of train a source sentence is 33.8147
The time of train a source sentence is 71.5091
The time of train a source sentence is 80.5686
The time of train a source sentence is 36.8205
The time of train a source sentence is 74.8969
The time of train a source sentence is 81.0895
The time of train a source sentence is 145.345
The time of train a source sentence is 152.529
The time of train a source sentence is 56.334
The time of train a source sentence is 195.429
The time of train a source sentence is 99.0942
The time of train a source sentence is 90.4366
The time of train a source sentence is 23.1847
The time of train a source sentence is 36.0395
The time of train a source sentence is 38.1878
The time of train a source sentence is 35.005
The time of train a source sentence is 17.8224
The time of train a source sentence is 35.6912
The time of train a source sentence is 29.8697
Epoch 19 complete!
Start training epoch 20
The time of train a source sentence is 16.9219
The time of train a source sentence is 37.9328
The time of train a source sentence is 39.4733
The time of train a source sentence is 48.935
The time of train a source sentence is 49.5829
The time of train a source sentence is 55.6854
The time of train a source sentence is 70.7157
The time of train a source sentence is 77.2208
The time of train a source sentence is 82.8498
The time of train a source sentence is 92.981
The time of train a source sentence is 98.3189
The time of train a source sentence is 111.575
The time of train a source sentence is 116.397
The time of train a source sentence is 71.3214
The time of train a source sentence is 32.4108
The time of train a source sentence is 152.095
The time of train a source sentence is 38.4803
The time of train a source sentence is 92.0359
The time of train a source sentence is 41.8495
The time of train a source sentence is 101.05
The time of train a source sentence is 81.6361
The time of train a source sentence is 83.1345
The time of train a source sentence is 92.3589
The time of train a source sentence is 47.5098
The time of train a source sentence is 37.6504
The time of train a source sentence is 94.3981
The time of train a source sentence is 105.322
The time of train a source sentence is 84.8093
The time of train a source sentence is 193.808
The time of train a source sentence is 228.073
The time of train a source sentence is 181.094
The time of train a source sentence is 56.9721
The time of train a source sentence is 120.772
The time of train a source sentence is 70.7631
The time of train a source sentence is 87.9983
The time of train a source sentence is 51.9585
The time of train a source sentence is 50.5509
The time of train a source sentence is 33.0017
The time of train a source sentence is 86.0764
The time of train a source sentence is 31.5657
The time of train a source sentence is 42.7775
The time of train a source sentence is 19.4593
Epoch 20 complete!
Start training epoch 21
The time of train a source sentence is 39.2372
The time of train a source sentence is 39.5018
The time of train a source sentence is 45.6361
The time of train a source sentence is 53.4453
The time of train a source sentence is 54.924
The time of train a source sentence is 57.7138
The time of train a source sentence is 71.1106
The time of train a source sentence is 80.877
The time of train a source sentence is 82.0549
The time of train a source sentence is 85.3935
The time of train a source sentence is 86.8232
The time of train a source sentence is 93.8212
The time of train a source sentence is 107.383
The time of train a source sentence is 30.5656
The time of train a source sentence is 134.023
The time of train a source sentence is 52.1729
The time of train a source sentence is 47.8532
The time of train a source sentence is 58.9115
The time of train a source sentence is 46.2216
The time of train a source sentence is 85.8529
The time of train a source sentence is 67.2649
The time of train a source sentence is 122.369
The time of train a source sentence is 91.1188
The time of train a source sentence is 121.522
The time of train a source sentence is 84.8285
The time of train a source sentence is 83.6728
The time of train a source sentence is 72.9251
The time of train a source sentence is 44.3093
The time of train a source sentence is 93.7079
The time of train a source sentence is 42.3223
The time of train a source sentence is 81.8027
The time of train a source sentence is 141.339
The time of train a source sentence is 83.95
The time of train a source sentence is 74.4376
The time of train a source sentence is 39.5155
The time of train a source sentence is 72.2289
The time of train a source sentence is 121.621
The time of train a source sentence is 114.855
The time of train a source sentence is 68.5983
The time of train a source sentence is 47.0452
The time of train a source sentence is 102.365
The time of train a source sentence is 19.5966
Epoch 21 complete!
Start training epoch 22
The time of train a source sentence is 39.7108
The time of train a source sentence is 57.9391
The time of train a source sentence is 60.1059
The time of train a source sentence is 66.5681
The time of train a source sentence is 69.0568
The time of train a source sentence is 83.0582
The time of train a source sentence is 83.8707
The time of train a source sentence is 88.6743
The time of train a source sentence is 92.7617
The time of train a source sentence is 95.5251
The time of train a source sentence is 100.514
The time of train a source sentence is 100.642
The time of train a source sentence is 108.83
The time of train a source sentence is 130.594
The time of train a source sentence is 25.9621
The time of train a source sentence is 52.5513
The time of train a source sentence is 50.5788
The time of train a source sentence is 58.6573
The time of train a source sentence is 53.6224
The time of train a source sentence is 59.1204
The time of train a source sentence is 37.5688
The time of train a source sentence is 34.8762
The time of train a source sentence is 112.402
The time of train a source sentence is 124.675
The time of train a source sentence is 95.3649
The time of train a source sentence is 124.014
The time of train a source sentence is 106.724
The time of train a source sentence is 74.8499
The time of train a source sentence is 25.0142
The time of train a source sentence is 48.0913
The time of train a source sentence is 47.3882
The time of train a source sentence is 108.822
The time of train a source sentence is 66.5251
The time of train a source sentence is 46.5772
The time of train a source sentence is 40.9875
The time of train a source sentence is 74.5179
The time of train a source sentence is 22.8177
The time of train a source sentence is 110.005
The time of train a source sentence is 64.7403
The time of train a source sentence is 19.7112
The time of train a source sentence is 48.7429
The time of train a source sentence is 33.5856
Epoch 22 complete!
Start training epoch 23
The time of train a source sentence is 52.1355
The time of train a source sentence is 52.8416
The time of train a source sentence is 55.5818
The time of train a source sentence is 55.8604
The time of train a source sentence is 59.4565
The time of train a source sentence is 65.0134
The time of train a source sentence is 66.6464
The time of train a source sentence is 67.3405
The time of train a source sentence is 67.7699
The time of train a source sentence is 74.2281
The time of train a source sentence is 75.1195
The time of train a source sentence is 76.021
The time of train a source sentence is 100.654
The time of train a source sentence is 41.467
The time of train a source sentence is 135.469
The time of train a source sentence is 25.2079
The time of train a source sentence is 38.5776
The time of train a source sentence is 57.5051
The time of train a source sentence is 62.3845
The time of train a source sentence is 64.8584
The time of train a source sentence is 38.567
The time of train a source sentence is 68.4918
The time of train a source sentence is 80.5042
The time of train a source sentence is 85.7921
The time of train a source sentence is 77.6662
The time of train a source sentence is 53.9189
The time of train a source sentence is 133.946
The time of train a source sentence is 102.21
The time of train a source sentence is 30.3729
The time of train a source sentence is 115.528
The time of train a source sentence is 58.3632
The time of train a source sentence is 46.1271
The time of train a source sentence is 95.8371
The time of train a source sentence is 88.171
The time of train a source sentence is 57.6227
The time of train a source sentence is 24.7794
The time of train a source sentence is 61.9588
The time of train a source sentence is 78.653
The time of train a source sentence is 31.4983
The time of train a source sentence is 29.7066
The time of train a source sentence is 124.732
The time of train a source sentence is 36.3982
Epoch 23 complete!
Start training epoch 24
The time of train a source sentence is 41.7911
The time of train a source sentence is 51.6534
The time of train a source sentence is 54.2027
The time of train a source sentence is 56.3902
The time of train a source sentence is 65.3221
The time of train a source sentence is 82.3825
The time of train a source sentence is 84.973
The time of train a source sentence is 87.0848
The time of train a source sentence is 106.96
The time of train a source sentence is 110.067
The time of train a source sentence is 118.201
The time of train a source sentence is 118.943
The time of train a source sentence is 128.609
The time of train a source sentence is 140.871
The time of train a source sentence is 46.4385
The time of train a source sentence is 56.9592
The time of train a source sentence is 52.7922
The time of train a source sentence is 74.0544
The time of train a source sentence is 52.5271
The time of train a source sentence is 33.7057
The time of train a source sentence is 62.6898
The time of train a source sentence is 86.8416
The time of train a source sentence is 82.0071
The time of train a source sentence is 71.1814
The time of train a source sentence is 67.593
The time of train a source sentence is 127.603
The time of train a source sentence is 63.686
The time of train a source sentence is 78.6324
The time of train a source sentence is 96.3644
The time of train a source sentence is 51.8027
The time of train a source sentence is 119.415
The time of train a source sentence is 68.6712
The time of train a source sentence is 103.575
The time of train a source sentence is 64.5171
The time of train a source sentence is 152.126
The time of train a source sentence is 55.9365
The time of train a source sentence is 124.551
The time of train a source sentence is 46.4927
The time of train a source sentence is 121.514
The time of train a source sentence is 57.4237
The time of train a source sentence is 34.6705
The time of train a source sentence is 19.1038
Epoch 24 complete!
Start training epoch 25
The time of train a source sentence is 59.4709
The time of train a source sentence is 72.5344
The time of train a source sentence is 75.9761
The time of train a source sentence is 81.3587
The time of train a source sentence is 82.4717
The time of train a source sentence is 95.7232
The time of train a source sentence is 96.8972
The time of train a source sentence is 99.891
The time of train a source sentence is 107.731
The time of train a source sentence is 113.564
The time of train a source sentence is 115.41
The time of train a source sentence is 117.886
The time of train a source sentence is 136.182
The time of train a source sentence is 149.98
The time of train a source sentence is 66.6117
The time of train a source sentence is 71.0473
The time of train a source sentence is 60.96
The time of train a source sentence is 81.7281
The time of train a source sentence is 59.929
The time of train a source sentence is 99.9172
The time of train a source sentence is 74.0651
The time of train a source sentence is 70.4034
The time of train a source sentence is 95.0636
The time of train a source sentence is 137.412
The time of train a source sentence is 60.3818
The time of train a source sentence is 109.229
The time of train a source sentence is 49.9011
The time of train a source sentence is 81.4243
The time of train a source sentence is 197.245
The time of train a source sentence is 82.8889
The time of train a source sentence is 92.1635
The time of train a source sentence is 54.6522
The time of train a source sentence is 59.4535
The time of train a source sentence is 84.0167
The time of train a source sentence is 47.8066
The time of train a source sentence is 136.204
The time of train a source sentence is 80.7683
The time of train a source sentence is 47.9937
The time of train a source sentence is 58.0669
The time of train a source sentence is 32.3063
The time of train a source sentence is 92.3447
The time of train a source sentence is 25.7123
Epoch 25 complete!
Start training epoch 26
The time of train a source sentence is 41.658
The time of train a source sentence is 69.3971
The time of train a source sentence is 76.1526
The time of train a source sentence is 78.0095
The time of train a source sentence is 80.1829
The time of train a source sentence is 82.7643
The time of train a source sentence is 84.9666
The time of train a source sentence is 87.8591
The time of train a source sentence is 88.0091
The time of train a source sentence is 94.0502
The time of train a source sentence is 104.021
The time of train a source sentence is 116.841
The time of train a source sentence is 133.502
The time of train a source sentence is 149.637
The time of train a source sentence is 70.7284
The time of train a source sentence is 85.6829
The time of train a source sentence is 88.4385
The time of train a source sentence is 47.7366
The time of train a source sentence is 92.392
The time of train a source sentence is 39.4444
The time of train a source sentence is 72.8136
The time of train a source sentence is 34.1378
The time of train a source sentence is 85.1199
The time of train a source sentence is 118.71
The time of train a source sentence is 111.906
The time of train a source sentence is 35.899
The time of train a source sentence is 90.6946
The time of train a source sentence is 75.798
The time of train a source sentence is 70.3187
The time of train a source sentence is 133.831
The time of train a source sentence is 67.1288
The time of train a source sentence is 79.7862
The time of train a source sentence is 94.025
The time of train a source sentence is 25.5239
The time of train a source sentence is 72.1385
The time of train a source sentence is 42.3429
The time of train a source sentence is 83.7166
The time of train a source sentence is 79.9315
The time of train a source sentence is 29.634
The time of train a source sentence is 47.6772
The time of train a source sentence is 15.4162
The time of train a source sentence is 21.5069
Epoch 26 complete!
Start training epoch 27
The time of train a source sentence is 33.3536
The time of train a source sentence is 35.284
The time of train a source sentence is 44.574
The time of train a source sentence is 44.7116
The time of train a source sentence is 66.9407
The time of train a source sentence is 67.9383
The time of train a source sentence is 69.725
The time of train a source sentence is 82.3621
The time of train a source sentence is 84.3067
The time of train a source sentence is 85.662
The time of train a source sentence is 97.0799
The time of train a source sentence is 97.3479
The time of train a source sentence is 99.077
The time of train a source sentence is 115.884
The time of train a source sentence is 33.9488
The time of train a source sentence is 41.5423
The time of train a source sentence is 53.9356
The time of train a source sentence is 66.8902
The time of train a source sentence is 77.2494
The time of train a source sentence is 81.1068
The time of train a source sentence is 59.4438
The time of train a source sentence is 75.2113
The time of train a source sentence is 85.3834
The time of train a source sentence is 65.3603
The time of train a source sentence is 79.3674
The time of train a source sentence is 55.3348
The time of train a source sentence is 53.1166
The time of train a source sentence is 73.2136
The time of train a source sentence is 143.498
The time of train a source sentence is 57.7597
The time of train a source sentence is 67.1866
The time of train a source sentence is 92.2677
The time of train a source sentence is 64.504
The time of train a source sentence is 37.9255
The time of train a source sentence is 91.8317
The time of train a source sentence is 54.8993
The time of train a source sentence is 63.3067
The time of train a source sentence is 103.696
The time of train a source sentence is 41.8918
The time of train a source sentence is 51.6745
The time of train a source sentence is 11.3452
The time of train a source sentence is 44.5475
Epoch 27 complete!
Start training epoch 28
The time of train a source sentence is 31.6321
The time of train a source sentence is 44.6615
The time of train a source sentence is 44.7368
The time of train a source sentence is 66.8593
The time of train a source sentence is 67.195
The time of train a source sentence is 67.313
The time of train a source sentence is 75.1115
The time of train a source sentence is 99.3945
The time of train a source sentence is 110.726
The time of train a source sentence is 111.605
The time of train a source sentence is 115.11
The time of train a source sentence is 116.443
The time of train a source sentence is 116.543
The time of train a source sentence is 128.484
The time of train a source sentence is 38.9132
The time of train a source sentence is 75.2814
The time of train a source sentence is 44.6382
The time of train a source sentence is 74.0761
The time of train a source sentence is 84.8767
The time of train a source sentence is 47.0373
The time of train a source sentence is 52.4939
The time of train a source sentence is 48.787
The time of train a source sentence is 52.3811
The time of train a source sentence is 45.8075
The time of train a source sentence is 80.9076
The time of train a source sentence is 83.8976
The time of train a source sentence is 41.8779
The time of train a source sentence is 104.74
The time of train a source sentence is 59.752
The time of train a source sentence is 48.3299
The time of train a source sentence is 63.1323
The time of train a source sentence is 162.799
The time of train a source sentence is 60.8167
The time of train a source sentence is 117.983
The time of train a source sentence is 49.098
The time of train a source sentence is 142.499
The time of train a source sentence is 29.5941
The time of train a source sentence is 107.198
The time of train a source sentence is 59.2446
The time of train a source sentence is 35.2908
The time of train a source sentence is 55.8361
The time of train a source sentence is 94.1018
Epoch 28 complete!
Start training epoch 29
The time of train a source sentence is 15.3589
The time of train a source sentence is 52.728
The time of train a source sentence is 53.7275
The time of train a source sentence is 68.9462
The time of train a source sentence is 69.0112
The time of train a source sentence is 69.884
The time of train a source sentence is 82.205
The time of train a source sentence is 89.0943
The time of train a source sentence is 89.9946
The time of train a source sentence is 93.9458
The time of train a source sentence is 95.4337
The time of train a source sentence is 102.528
The time of train a source sentence is 139.855
The time of train a source sentence is 155.585
The time of train a source sentence is 66.5445
The time of train a source sentence is 49.244
The time of train a source sentence is 46.0155
The time of train a source sentence is 75.8091
The time of train a source sentence is 45.8279
The time of train a source sentence is 77.7442
The time of train a source sentence is 134.427
The time of train a source sentence is 167.028
The time of train a source sentence is 40.8451
The time of train a source sentence is 68.5568
The time of train a source sentence is 83.9791
The time of train a source sentence is 33.2331
The time of train a source sentence is 66.8198
The time of train a source sentence is 65.7922
The time of train a source sentence is 108.529
The time of train a source sentence is 85.661
The time of train a source sentence is 109.014
The time of train a source sentence is 212.711
The time of train a source sentence is 28.5369
The time of train a source sentence is 41.6221
The time of train a source sentence is 24.5847
The time of train a source sentence is 36.8238
The time of train a source sentence is 55.4589
The time of train a source sentence is 55.3119
The time of train a source sentence is 29.7086
The time of train a source sentence is 13.9782
The time of train a source sentence is 17.594
The time of train a source sentence is 89.8029
Epoch 29 complete!
Start training epoch 30
The time of train a source sentence is 40.8043
The time of train a source sentence is 46.3477
The time of train a source sentence is 49.0941
The time of train a source sentence is 52.762
The time of train a source sentence is 53.369
The time of train a source sentence is 69.5413
The time of train a source sentence is 71.7555
The time of train a source sentence is 79.0183
The time of train a source sentence is 91.1086
The time of train a source sentence is 101.943
The time of train a source sentence is 115.137
The time of train a source sentence is 122.453
The time of train a source sentence is 152.589
The time of train a source sentence is 73.4843
The time of train a source sentence is 74.5349
The time of train a source sentence is 214.679
The time of train a source sentence is 82.4774
The time of train a source sentence is 87.1727
The time of train a source sentence is 102.79
The time of train a source sentence is 118.426
The time of train a source sentence is 65.395
The time of train a source sentence is 95.8288
The time of train a source sentence is 70.8514
The time of train a source sentence is 56.0071
The time of train a source sentence is 151.942
The time of train a source sentence is 66.2787
The time of train a source sentence is 54.2681
The time of train a source sentence is 63.0688
The time of train a source sentence is 104.016
The time of train a source sentence is 105.162
The time of train a source sentence is 83.282
The time of train a source sentence is 50.6779
The time of train a source sentence is 73.3492
The time of train a source sentence is 58.8853
The time of train a source sentence is 42.3784
The time of train a source sentence is 76.1135
The time of train a source sentence is 68.1597
The time of train a source sentence is 134.857
The time of train a source sentence is 21.7803
The time of train a source sentence is 35.5213
The time of train a source sentence is 24.7984
The time of train a source sentence is 110.281
Epoch 30 complete!
Start training epoch 31
The time of train a source sentence is 38.4204
The time of train a source sentence is 49.0253
The time of train a source sentence is 50.5939
The time of train a source sentence is 65.7657
The time of train a source sentence is 70.2531
The time of train a source sentence is 75.1125
The time of train a source sentence is 80.9278
The time of train a source sentence is 84.0156
The time of train a source sentence is 85.7081
The time of train a source sentence is 86.4841
The time of train a source sentence is 87.1433
The time of train a source sentence is 116.397
The time of train a source sentence is 130.494
The time of train a source sentence is 133.541
The time of train a source sentence is 64.2487
The time of train a source sentence is 73.5693
The time of train a source sentence is 40.3046
The time of train a source sentence is 69.7183
The time of train a source sentence is 84.2574
The time of train a source sentence is 40.3874
The time of train a source sentence is 104.88
The time of train a source sentence is 69.7663
The time of train a source sentence is 178.328
The time of train a source sentence is 92.6862
The time of train a source sentence is 84.3438
The time of train a source sentence is 123.063
The time of train a source sentence is 83.2561
The time of train a source sentence is 175.818
The time of train a source sentence is 26.0954
The time of train a source sentence is 129.542
The time of train a source sentence is 130.055
The time of train a source sentence is 92.7621
The time of train a source sentence is 116.972
The time of train a source sentence is 66.4172
The time of train a source sentence is 136.001
The time of train a source sentence is 84.6567
The time of train a source sentence is 138.944
The time of train a source sentence is 59.3229
The time of train a source sentence is 48.2757
The time of train a source sentence is 154.719
The time of train a source sentence is 133.494
The time of train a source sentence is 73.393
Epoch 31 complete!
Start training epoch 32
The time of train a source sentence is 31.6765
The time of train a source sentence is 36.7938
The time of train a source sentence is 58.5335
The time of train a source sentence is 69.726
The time of train a source sentence is 70.3029
The time of train a source sentence is 73.5175
The time of train a source sentence is 73.9756
The time of train a source sentence is 80.5818
The time of train a source sentence is 80.7363
The time of train a source sentence is 94.3824
The time of train a source sentence is 96.8793
The time of train a source sentence is 105.781
The time of train a source sentence is 113.39
The time of train a source sentence is 35.1634
The time of train a source sentence is 157.755
The time of train a source sentence is 31.438
The time of train a source sentence is 73.546
The time of train a source sentence is 41.6393
The time of train a source sentence is 61.1528
The time of train a source sentence is 45.1345
The time of train a source sentence is 108.985
The time of train a source sentence is 81.8992
The time of train a source sentence is 74.2047
The time of train a source sentence is 49.3073
The time of train a source sentence is 107.53
The time of train a source sentence is 60.352
The time of train a source sentence is 48.4659
The time of train a source sentence is 72.3402
The time of train a source sentence is 49.7156
The time of train a source sentence is 63.9526
The time of train a source sentence is 51.5988
The time of train a source sentence is 132.35
The time of train a source sentence is 61.1529
The time of train a source sentence is 118.029
The time of train a source sentence is 77.1697
The time of train a source sentence is 55.3519
The time of train a source sentence is 108.039
The time of train a source sentence is 61.5106
The time of train a source sentence is 71.1962
The time of train a source sentence is 85.0663
The time of train a source sentence is 7.31299
The time of train a source sentence is 44.2734
Epoch 32 complete!
Start training epoch 33
The time of train a source sentence is 40.1501
The time of train a source sentence is 42.6062
The time of train a source sentence is 48.9012
The time of train a source sentence is 49.6305
The time of train a source sentence is 50.1919
The time of train a source sentence is 57.2422
The time of train a source sentence is 58.0717
The time of train a source sentence is 75.8935
The time of train a source sentence is 78.1489
The time of train a source sentence is 90.1782
The time of train a source sentence is 93.8397
The time of train a source sentence is 97.0331
The time of train a source sentence is 100.078
The time of train a source sentence is 127.365
The time of train a source sentence is 55.9221
The time of train a source sentence is 51.685
The time of train a source sentence is 39.0445
The time of train a source sentence is 66.4157
The time of train a source sentence is 64.5039
The time of train a source sentence is 62.3832
The time of train a source sentence is 109.292
The time of train a source sentence is 41.3767
The time of train a source sentence is 142.709
The time of train a source sentence is 56.43
The time of train a source sentence is 123.059
The time of train a source sentence is 104.553
The time of train a source sentence is 82.4351
The time of train a source sentence is 72.9352
The time of train a source sentence is 43.7308
The time of train a source sentence is 175.625
The time of train a source sentence is 57.2949
The time of train a source sentence is 69.4446
The time of train a source sentence is 80.7318
The time of train a source sentence is 120.046
The time of train a source sentence is 50.2162
The time of train a source sentence is 60.4393
The time of train a source sentence is 131.366
The time of train a source sentence is 45.4697
The time of train a source sentence is 81.2563
The time of train a source sentence is 137.613
The time of train a source sentence is 18.0556
The time of train a source sentence is 18.2734
Epoch 33 complete!
Start training epoch 34
The time of train a source sentence is 33.4611
The time of train a source sentence is 37.5498
The time of train a source sentence is 41.0188
The time of train a source sentence is 59.5969
The time of train a source sentence is 61.834
The time of train a source sentence is 72.0957
The time of train a source sentence is 87.0907
The time of train a source sentence is 89.613
The time of train a source sentence is 105.053
The time of train a source sentence is 112.353
The time of train a source sentence is 131.321
The time of train a source sentence is 137.526
The time of train a source sentence is 147.287
The time of train a source sentence is 87.1407
The time of train a source sentence is 39.6013
The time of train a source sentence is 213.397
The time of train a source sentence is 33.103
The time of train a source sentence is 108.84
The time of train a source sentence is 50.8199
The time of train a source sentence is 72.2743
The time of train a source sentence is 35.9904
The time of train a source sentence is 75.6895
The time of train a source sentence is 32.306
The time of train a source sentence is 77.8621
The time of train a source sentence is 179.733
The time of train a source sentence is 66.5091
The time of train a source sentence is 104.192
The time of train a source sentence is 77.9875
The time of train a source sentence is 165.541
The time of train a source sentence is 62.9128
The time of train a source sentence is 106.581
The time of train a source sentence is 38.3309
The time of train a source sentence is 76.2425
The time of train a source sentence is 93.5097
The time of train a source sentence is 48.3137
The time of train a source sentence is 30.9834
The time of train a source sentence is 140.014
The time of train a source sentence is 51.6792
The time of train a source sentence is 12.4206
The time of train a source sentence is 21.4735
The time of train a source sentence is 72.4181
The time of train a source sentence is 67.4867
Epoch 34 complete!
Start training epoch 35
The time of train a source sentence is 43.4012
The time of train a source sentence is 50.8874
The time of train a source sentence is 55.9931
The time of train a source sentence is 58.3995
The time of train a source sentence is 59.4427
The time of train a source sentence is 63.0505
The time of train a source sentence is 64.6001
The time of train a source sentence is 70.279
The time of train a source sentence is 79.1574
The time of train a source sentence is 86.9695
The time of train a source sentence is 133.075
The time of train a source sentence is 135.097
The time of train a source sentence is 144.496
The time of train a source sentence is 156.542
The time of train a source sentence is 60.378
The time of train a source sentence is 60.3357
The time of train a source sentence is 61.3877
The time of train a source sentence is 36.2072
The time of train a source sentence is 65.2268
The time of train a source sentence is 50.443
The time of train a source sentence is 64.646
The time of train a source sentence is 120.811
The time of train a source sentence is 38.3688
The time of train a source sentence is 34.8426
The time of train a source sentence is 48.3482
The time of train a source sentence is 64.5103
The time of train a source sentence is 56.2181
The time of train a source sentence is 151.911
The time of train a source sentence is 90.1813
The time of train a source sentence is 44.1341
The time of train a source sentence is 90.1938
The time of train a source sentence is 38.6129
The time of train a source sentence is 97.4567
The time of train a source sentence is 119.88
The time of train a source sentence is 96.629
The time of train a source sentence is 45.5527
The time of train a source sentence is 133.115
The time of train a source sentence is 49.1322
The time of train a source sentence is 64.8241
The time of train a source sentence is 137.55
The time of train a source sentence is 118.199
The time of train a source sentence is 7.04907
Epoch 35 complete!
Start training epoch 36
The time of train a source sentence is 52.4995
The time of train a source sentence is 54.1725
The time of train a source sentence is 60.3547
The time of train a source sentence is 61.6973
The time of train a source sentence is 69.6938
The time of train a source sentence is 70.0686
The time of train a source sentence is 71.8034
The time of train a source sentence is 78.4893
The time of train a source sentence is 82.0409
The time of train a source sentence is 82.937
The time of train a source sentence is 97.0946
The time of train a source sentence is 101.39
The time of train a source sentence is 114.925
The time of train a source sentence is 119.952
The time of train a source sentence is 45.649
The time of train a source sentence is 50.9565
The time of train a source sentence is 47.2822
The time of train a source sentence is 39.0146
The time of train a source sentence is 75.836
The time of train a source sentence is 52.5487
The time of train a source sentence is 94.4785
The time of train a source sentence is 80.5046
The time of train a source sentence is 42.0408
The time of train a source sentence is 51.9367
The time of train a source sentence is 68.3149
The time of train a source sentence is 81.3599
The time of train a source sentence is 76.5145
The time of train a source sentence is 70.4736
The time of train a source sentence is 72.3263
The time of train a source sentence is 44.1857
The time of train a source sentence is 40.5813
The time of train a source sentence is 65.7051
The time of train a source sentence is 162.536
The time of train a source sentence is 36.9096
The time of train a source sentence is 72.1518
The time of train a source sentence is 44.6233
The time of train a source sentence is 74.723
The time of train a source sentence is 56.2889
The time of train a source sentence is 95.8435
The time of train a source sentence is 21.1626
The time of train a source sentence is 56.9171
The time of train a source sentence is 44.5275
Epoch 36 complete!
Start training epoch 37
The time of train a source sentence is 39.8274
The time of train a source sentence is 46.9428
The time of train a source sentence is 50.3398
The time of train a source sentence is 53.2994
The time of train a source sentence is 64.8114
The time of train a source sentence is 65.7318
The time of train a source sentence is 88.2669
The time of train a source sentence is 88.8893
The time of train a source sentence is 94.7004
The time of train a source sentence is 99.8475
The time of train a source sentence is 103.114
The time of train a source sentence is 138.134
The time of train a source sentence is 163.7
The time of train a source sentence is 171.949
The time of train a source sentence is 30.3416
The time of train a source sentence is 67.23
The time of train a source sentence is 68.0741
The time of train a source sentence is 68.1113
The time of train a source sentence is 49.603
The time of train a source sentence is 87.0954
The time of train a source sentence is 87.7468
The time of train a source sentence is 60.9543
The time of train a source sentence is 117.66
The time of train a source sentence is 68.6195
The time of train a source sentence is 47.3847
The time of train a source sentence is 57.6884
The time of train a source sentence is 100.263
The time of train a source sentence is 47.8796
The time of train a source sentence is 82.8428
The time of train a source sentence is 120.161
The time of train a source sentence is 37.2259
The time of train a source sentence is 57.7988
The time of train a source sentence is 84.4184
The time of train a source sentence is 80.6022
The time of train a source sentence is 48.6411
The time of train a source sentence is 83.6177
The time of train a source sentence is 46.7929
The time of train a source sentence is 41.1127
The time of train a source sentence is 31.1337
The time of train a source sentence is 87.2139
The time of train a source sentence is 16.6307
The time of train a source sentence is 11.4759
Epoch 37 complete!
Start training epoch 38
The time of train a source sentence is 41.5381
The time of train a source sentence is 48.1265
The time of train a source sentence is 54.53
The time of train a source sentence is 58.7788
The time of train a source sentence is 80.7333
The time of train a source sentence is 87.6875
The time of train a source sentence is 95.4922
The time of train a source sentence is 96.1422
The time of train a source sentence is 101.197
The time of train a source sentence is 102.08
The time of train a source sentence is 106.053
The time of train a source sentence is 124.349
The time of train a source sentence is 147.291
The time of train a source sentence is 171.254
The time of train a source sentence is 43.2017
The time of train a source sentence is 93.9462
The time of train a source sentence is 92.5496
The time of train a source sentence is 89.803
The time of train a source sentence is 58.2614
The time of train a source sentence is 50.8855
The time of train a source sentence is 115.383
The time of train a source sentence is 109.381
The time of train a source sentence is 57.6035
The time of train a source sentence is 73.1883
The time of train a source sentence is 107.779
The time of train a source sentence is 32.8078
The time of train a source sentence is 170.799
The time of train a source sentence is 130.35
The time of train a source sentence is 88.1013
The time of train a source sentence is 76.7344
The time of train a source sentence is 75.3446
The time of train a source sentence is 94.6526
The time of train a source sentence is 40.9491
The time of train a source sentence is 159.64
The time of train a source sentence is 210.245
The time of train a source sentence is 79.7837
The time of train a source sentence is 91.7595
The time of train a source sentence is 101.185
The time of train a source sentence is 36.0194
The time of train a source sentence is 40.22
The time of train a source sentence is 25.6916
The time of train a source sentence is 84.4291
Epoch 38 complete!
Start training epoch 39
The time of train a source sentence is 54.1855
The time of train a source sentence is 60.83
The time of train a source sentence is 76.3111
The time of train a source sentence is 81.2282
The time of train a source sentence is 84.0924
The time of train a source sentence is 91.5157
The time of train a source sentence is 94.9472
The time of train a source sentence is 95.0627
The time of train a source sentence is 98.2618
The time of train a source sentence is 130.229
The time of train a source sentence is 131.397
The time of train a source sentence is 137.854
The time of train a source sentence is 77.8013
The time of train a source sentence is 52.7055
The time of train a source sentence is 216.664
The time of train a source sentence is 92.6696
The time of train a source sentence is 74.1497
The time of train a source sentence is 29.1591
The time of train a source sentence is 67.7348
The time of train a source sentence is 233.018
The time of train a source sentence is 79.8617
The time of train a source sentence is 53.6216
The time of train a source sentence is 86.6333
The time of train a source sentence is 107.686
The time of train a source sentence is 136.487
The time of train a source sentence is 117.505
The time of train a source sentence is 60.3883
The time of train a source sentence is 38.2568
The time of train a source sentence is 48.4743
The time of train a source sentence is 27.5395
The time of train a source sentence is 68.6016
The time of train a source sentence is 81.3625
The time of train a source sentence is 72.2346
The time of train a source sentence is 95.5513
The time of train a source sentence is 116.932
The time of train a source sentence is 99.185
The time of train a source sentence is 176.423
The time of train a source sentence is 108.482
The time of train a source sentence is 78.6396
The time of train a source sentence is 26.0365
The time of train a source sentence is 155.091
The time of train a source sentence is 15.507
Epoch 39 complete!
Start training epoch 40
The time of train a source sentence is 35.6733
The time of train a source sentence is 44.5585
The time of train a source sentence is 51.952
The time of train a source sentence is 56.6421
The time of train a source sentence is 60.5118
The time of train a source sentence is 61.7829
The time of train a source sentence is 73.528
The time of train a source sentence is 74.8678
The time of train a source sentence is 80.4013
The time of train a source sentence is 80.7048
The time of train a source sentence is 83.3545
The time of train a source sentence is 83.7017
The time of train a source sentence is 110.896
The time of train a source sentence is 118.432
The time of train a source sentence is 47.4082
The time of train a source sentence is 30.777
The time of train a source sentence is 60.3783
The time of train a source sentence is 82.4173
The time of train a source sentence is 41.5539
The time of train a source sentence is 95.2751
The time of train a source sentence is 68.4885
The time of train a source sentence is 88.9066
The time of train a source sentence is 63.5928
The time of train a source sentence is 173.913
The time of train a source sentence is The time of train a source sentence is 92.5666
108.362
The time of train a source sentence is 176.705
The time of train a source sentence is 80.4912
The time of train a source sentence is 55.144
The time of train a source sentence is 84.2038
The time of train a source sentence is 76.2805
The time of train a source sentence is 159.243
The time of train a source sentence is 50.4753
The time of train a source sentence is 133.781
The time of train a source sentence is 87.621
The time of train a source sentence is 48.8632
The time of train a source sentence is 31.8666
The time of train a source sentence is 28.6546
The time of train a source sentence is 154.739
The time of train a source sentence is 33.9688
The time of train a source sentence is 107.754
The time of train a source sentence is 133.247
Epoch 40 complete!
Complete to train word vectors! The cost of time is 20368.1
Start saving word vector......
Complete to save word vectors! The cost of time is 1.82297
Start saving skip-gram model......
Complete to save skip-gram model! The cost of time is 6.02847
